<?xml version="1.0" encoding="UTF-8" ?>
<testsuite errors="0" failures="0" hostname="UAG-UFRPE" name="Parking space booking" tests="0" time="0.05" timestamp="2017-02-22T23:16:35">
  <properties />
  <system-out><![CDATA[Feature: Parking space booking
  As a system user
  I want to book a parking space
  So I can park on the parking space I'd booked
]]></system-out>
  <system-err><![CDATA[]]></system-err>
</testsuite>
