<?xml version="1.0" encoding="UTF-8" ?>
<testsuite errors="0" failures="0" hostname="UAG-UFRPE" name="parking space reminder" tests="0" time="0.0" timestamp="2017-02-22T23:16:35">
  <properties />
  <system-out><![CDATA[Feature: parking space reminder
  As a system user
  I want to be informed where I parked my car
  So that I can remember where my car is in the parking area
]]></system-out>
  <system-err><![CDATA[]]></system-err>
</testsuite>
